  Teacher.cpp
C:\Users\Ben\source\repos\Summer 25 Final Project\Summer 25 Final Project\Teacher.cpp(139,20): warning C4267: 'argument': conversion from 'size_t' to 'T', possible loss of data
C:\Users\Ben\source\repos\Summer 25 Final Project\Summer 25 Final Project\Teacher.cpp(139,20): warning C4267:         with
C:\Users\Ben\source\repos\Summer 25 Final Project\Summer 25 Final Project\Teacher.cpp(139,20): warning C4267:         [
C:\Users\Ben\source\repos\Summer 25 Final Project\Summer 25 Final Project\Teacher.cpp(139,20): warning C4267:             T=unsigned int
C:\Users\Ben\source\repos\Summer 25 Final Project\Summer 25 Final Project\Teacher.cpp(139,20): warning C4267:         ]
C:\Users\Ben\source\repos\Summer 25 Final Project\Summer 25 Final Project\Teacher.cpp(171,24): warning C4267: 'argument': conversion from 'size_t' to 'T', possible loss of data
C:\Users\Ben\source\repos\Summer 25 Final Project\Summer 25 Final Project\Teacher.cpp(171,24): warning C4267:         with
C:\Users\Ben\source\repos\Summer 25 Final Project\Summer 25 Final Project\Teacher.cpp(171,24): warning C4267:         [
C:\Users\Ben\source\repos\Summer 25 Final Project\Summer 25 Final Project\Teacher.cpp(171,24): warning C4267:             T=unsigned int
C:\Users\Ben\source\repos\Summer 25 Final Project\Summer 25 Final Project\Teacher.cpp(171,24): warning C4267:         ]
C:\Users\Ben\source\repos\Summer 25 Final Project\Summer 25 Final Project\Teacher.cpp(216,49): warning C4244: 'argument': conversion from 'T' to 'float', possible loss of data
C:\Users\Ben\source\repos\Summer 25 Final Project\Summer 25 Final Project\Teacher.cpp(216,49): warning C4244:         with
C:\Users\Ben\source\repos\Summer 25 Final Project\Summer 25 Final Project\Teacher.cpp(216,49): warning C4244:         [
C:\Users\Ben\source\repos\Summer 25 Final Project\Summer 25 Final Project\Teacher.cpp(216,49): warning C4244:             T=int
C:\Users\Ben\source\repos\Summer 25 Final Project\Summer 25 Final Project\Teacher.cpp(216,49): warning C4244:         ]
C:\Users\Ben\source\repos\Summer 25 Final Project\Summer 25 Final Project\Teacher.cpp(524,74): warning C4267: 'argument': conversion from 'size_t' to 'T', possible loss of data
C:\Users\Ben\source\repos\Summer 25 Final Project\Summer 25 Final Project\Teacher.cpp(524,74): warning C4267:         with
C:\Users\Ben\source\repos\Summer 25 Final Project\Summer 25 Final Project\Teacher.cpp(524,74): warning C4267:         [
C:\Users\Ben\source\repos\Summer 25 Final Project\Summer 25 Final Project\Teacher.cpp(524,74): warning C4267:             T=unsigned int
C:\Users\Ben\source\repos\Summer 25 Final Project\Summer 25 Final Project\Teacher.cpp(524,74): warning C4267:         ]
  Summer 25 Final Project.vcxproj -> C:\Users\Ben\source\repos\Summer 25 Final Project\x64\Debug\Summer 25 Final Project.exe
