c:\users\ben\source\repos\summer 25 final project\summer 25 final project\x64\debug\vc143.pdb
c:\users\ben\source\repos\summer 25 final project\summer 25 final project\x64\debug\vc143.idb
c:\users\ben\source\repos\summer 25 final project\summer 25 final project\x64\debug\utilities.obj
c:\users\ben\source\repos\summer 25 final project\summer 25 final project\x64\debug\teacher.obj
c:\users\ben\source\repos\summer 25 final project\summer 25 final project\x64\debug\summer 25 final project.obj
c:\users\ben\source\repos\summer 25 final project\summer 25 final project\x64\debug\student.obj
c:\users\ben\source\repos\summer 25 final project\summer 25 final project\x64\debug\gradebook.obj
c:\users\ben\source\repos\summer 25 final project\summer 25 final project\x64\debug\assignment.obj
c:\users\ben\source\repos\summer 25 final project\summer 25 final project\x64\debug\administrator.obj
c:\users\ben\source\repos\summer 25 final project\x64\debug\summer 25 final project.exe
c:\users\ben\source\repos\summer 25 final project\x64\debug\summer 25 final project.pdb
c:\users\ben\source\repos\summer 25 final project\summer 25 final project\x64\debug\summer 25 final project.ilk
c:\users\ben\source\repos\summer 25 final project\summer 25 final project\x64\debug\summer 2.2bd5ce84.tlog\cl.command.1.tlog
c:\users\ben\source\repos\summer 25 final project\summer 25 final project\x64\debug\summer 2.2bd5ce84.tlog\cl.items.tlog
c:\users\ben\source\repos\summer 25 final project\summer 25 final project\x64\debug\summer 2.2bd5ce84.tlog\cl.read.1.tlog
c:\users\ben\source\repos\summer 25 final project\summer 25 final project\x64\debug\summer 2.2bd5ce84.tlog\cl.write.1.tlog
c:\users\ben\source\repos\summer 25 final project\summer 25 final project\x64\debug\summer 2.2bd5ce84.tlog\link.command.1.tlog
c:\users\ben\source\repos\summer 25 final project\summer 25 final project\x64\debug\summer 2.2bd5ce84.tlog\link.read.1.tlog
c:\users\ben\source\repos\summer 25 final project\summer 25 final project\x64\debug\summer 2.2bd5ce84.tlog\link.secondary.1.tlog
c:\users\ben\source\repos\summer 25 final project\summer 25 final project\x64\debug\summer 2.2bd5ce84.tlog\link.write.1.tlog
